testapp/build/app/intermediates/manifest_merge_blame_file/debug/manifest-merger-blame-debug-report.txt
1<?xml version="1.0" encoding="utf-8"?>
2<manifest xmlns:android="http://schemas.android.com/apk/res/android"
3    package="com.example.testapp"
4    android:versionCode="1"
5    android:versionName="1.0.0" >
6
7    <uses-sdk
8        android:minSdkVersion="20"
9        android:targetSdkVersion="31" />
10    <!--
11         Flutter needs it to communicate with the running application
12         to allow setting breakpoints, to provide hot reload, etc.
13    -->
14    <uses-permission android:name="android.permission.INTERNET" />
14-->src\main\AndroidManifest.xml:4:5-67
14-->src\main\AndroidManifest.xml:4:22-64
15    <uses-permission android:name="android.permission.ACCESS_FINE_LOCATION" />
15-->src\main\AndroidManifest.xml:5:5-79
15-->src\main\AndroidManifest.xml:5:22-76
16    <uses-permission android:name="android.permission.ACCESS_COARSE_LOCATION" />
16-->src\main\AndroidManifest.xml:6:5-81
16-->src\main\AndroidManifest.xml:6:22-78
17    <uses-permission android:name="android.permission.ACCESS_BACKGROUND_LOCATION" />
17-->src\main\AndroidManifest.xml:7:5-85
17-->src\main\AndroidManifest.xml:7:22-82
18    <uses-permission android:name="android.permission.QUERY_ALL_PACKAGES" />
18-->src\main\AndroidManifest.xml:8:5-76
18-->src\main\AndroidManifest.xml:8:22-74
19
20    <queries>
20-->src\main\AndroidManifest.xml:10:5-31:15
21
22        <!-- If your app opens https URLs -->
23        <intent>
23-->src\main\AndroidManifest.xml:12:9-15:18
24            <action android:name="android.intent.action.VIEW" />
24-->src\main\AndroidManifest.xml:13:13-65
24-->src\main\AndroidManifest.xml:13:21-62
25
26            <data android:scheme="https" />
26-->src\main\AndroidManifest.xml:14:13-44
26-->src\main\AndroidManifest.xml:14:19-41
27        </intent>
28        <!-- If your app makes calls -->
29        <intent>
29-->src\main\AndroidManifest.xml:17:9-20:18
30            <action android:name="android.intent.action.DIAL" />
30-->src\main\AndroidManifest.xml:18:13-65
30-->src\main\AndroidManifest.xml:18:21-62
31
32            <data android:scheme="tel" />
32-->src\main\AndroidManifest.xml:14:13-44
32-->src\main\AndroidManifest.xml:14:19-41
33        </intent>
34        <!-- If your sends SMS messages -->
35        <intent>
35-->src\main\AndroidManifest.xml:22:9-25:18
36            <action android:name="android.intent.action.SENDTO" />
36-->src\main\AndroidManifest.xml:23:13-67
36-->src\main\AndroidManifest.xml:23:21-64
37
38            <data android:scheme="smsto" />
38-->src\main\AndroidManifest.xml:14:13-44
38-->src\main\AndroidManifest.xml:14:19-41
39        </intent>
40        <!-- If your app sends emails -->
41        <intent>
41-->src\main\AndroidManifest.xml:27:9-30:18
42            <action android:name="android.intent.action.SEND" />
42-->src\main\AndroidManifest.xml:28:13-65
42-->src\main\AndroidManifest.xml:28:21-62
43
44            <data android:mimeType="*/*" />
44-->src\main\AndroidManifest.xml:14:13-44
45        </intent>
46    </queries>
47
48    <uses-permission android:name="android.permission.FOREGROUND_SERVICE" />
48-->[:geolocator_android] AndroidManifest.xml:7:5-77
48-->[:geolocator_android] AndroidManifest.xml:7:22-74
49    <uses-permission android:name="android.permission.ACCESS_NETWORK_STATE" />
49-->[com.google.firebase:firebase-auth:21.0.2] AndroidManifest.xml:24:5-79
49-->[com.google.firebase:firebase-auth:21.0.2] AndroidManifest.xml:24:22-76
50
51    <uses-feature
51-->[com.google.android.gms:play-services-maps:17.0.0] AndroidManifest.xml:26:5-28:35
52        android:glEsVersion="0x00020000"
52-->[com.google.android.gms:play-services-maps:17.0.0] AndroidManifest.xml:27:9-41
53        android:required="true" />
53-->[com.google.android.gms:play-services-maps:17.0.0] AndroidManifest.xml:28:9-32
54
55    <application
56        android:name="android.app.Application"
57        android:appComponentFactory="androidx.core.app.CoreComponentFactory"
57-->[androidx.core:core:1.6.0] AndroidManifest.xml:24:18-86
58        android:debuggable="true"
59        android:icon="@mipmap/ic_launcher"
60        android:label="testapp" >
61        <activity
62            android:name="com.example.testapp.MainActivity"
63            android:configChanges="orientation|keyboardHidden|keyboard|screenSize|smallestScreenSize|locale|layoutDirection|fontScale|screenLayout|density|uiMode"
64            android:exported="true"
65            android:hardwareAccelerated="true"
66            android:launchMode="singleTop"
67            android:theme="@style/LaunchTheme"
68            android:windowSoftInputMode="adjustResize" >
69
70            <!--
71                 Specifies an Android theme to apply to this Activity as soon as
72                 the Android process has started. This theme is visible to the user
73                 while the Flutter UI initializes. After that, this theme continues
74                 to determine the Window background behind the Flutter UI.
75            -->
76            <meta-data
77                android:name="io.flutter.embedding.android.NormalTheme"
78                android:resource="@style/NormalTheme" />
79
80            <intent-filter>
81                <action android:name="android.intent.action.MAIN" />
82
83                <category android:name="android.intent.category.LAUNCHER" />
84            </intent-filter>
85        </activity>
86        <!--
87             Don't delete the meta-data below.
88             This is used by the Flutter tool to generate GeneratedPluginRegistrant.java
89        -->
90        <meta-data
91            android:name="flutterEmbedding"
92            android:value="2" />
93        <meta-data
94            android:name="com.google.android.geo.API_KEY"
95            android:value="AIzaSyAi9LUQc127AeXYJGrV7Ib24FFw64o-C2w" />
96
97        <service
97-->[:firebase_auth] AndroidManifest.xml:8:9-12:19
98            android:name="com.google.firebase.components.ComponentDiscoveryService"
98-->[:firebase_auth] AndroidManifest.xml:8:18-89
99            android:directBootAware="true"
99-->[com.google.firebase:firebase-common:20.1.0] AndroidManifest.xml:35:13-43
100            android:exported="false" >
100-->[com.google.firebase:firebase-auth:21.0.2] AndroidManifest.xml:66:13-37
101            <meta-data
101-->[:firebase_auth] AndroidManifest.xml:9:13-11:85
102                android:name="com.google.firebase.components:io.flutter.plugins.firebase.auth.FlutterFirebaseAuthRegistrar"
102-->[:firebase_auth] AndroidManifest.xml:10:17-124
103                android:value="com.google.firebase.components.ComponentRegistrar" />
103-->[:firebase_auth] AndroidManifest.xml:11:17-82
104            <meta-data
104-->[:firebase_core] AndroidManifest.xml:9:13-11:85
105                android:name="com.google.firebase.components:io.flutter.plugins.firebase.core.FlutterFirebaseCoreRegistrar"
105-->[:firebase_core] AndroidManifest.xml:10:17-124
106                android:value="com.google.firebase.components.ComponentRegistrar" />
106-->[:firebase_core] AndroidManifest.xml:11:17-82
107            <meta-data
107-->[com.google.firebase:firebase-auth:21.0.2] AndroidManifest.xml:67:13-69:85
108                android:name="com.google.firebase.components:com.google.firebase.auth.FirebaseAuthRegistrar"
108-->[com.google.firebase:firebase-auth:21.0.2] AndroidManifest.xml:68:17-109
109                android:value="com.google.firebase.components.ComponentRegistrar" />
109-->[com.google.firebase:firebase-auth:21.0.2] AndroidManifest.xml:69:17-82
110        </service>
111        <service
111-->[:geolocator_android] AndroidManifest.xml:10:9-14:56
112            android:name="com.baseflow.geolocator.GeolocatorLocationService"
112-->[:geolocator_android] AndroidManifest.xml:11:13-77
113            android:enabled="true"
113-->[:geolocator_android] AndroidManifest.xml:12:13-35
114            android:exported="false"
114-->[:geolocator_android] AndroidManifest.xml:13:13-37
115            android:foregroundServiceType="location" />
115-->[:geolocator_android] AndroidManifest.xml:14:13-53
116
117        <activity
117-->[:url_launcher_android] AndroidManifest.xml:8:9-11:74
118            android:name="io.flutter.plugins.urllauncher.WebViewActivity"
118-->[:url_launcher_android] AndroidManifest.xml:9:13-74
119            android:exported="false"
119-->[:url_launcher_android] AndroidManifest.xml:10:13-37
120            android:theme="@android:style/Theme.NoTitleBar.Fullscreen" />
120-->[:url_launcher_android] AndroidManifest.xml:11:13-71
121
122        <service
122-->[:location] AndroidManifest.xml:11:9-15:56
123            android:name="com.lyokone.location.FlutterLocationService"
123-->[:location] AndroidManifest.xml:12:13-71
124            android:enabled="true"
124-->[:location] AndroidManifest.xml:13:13-35
125            android:exported="false"
125-->[:location] AndroidManifest.xml:14:13-37
126            android:foregroundServiceType="location" />
126-->[:location] AndroidManifest.xml:15:13-53
127
128        <uses-library
128-->[androidx.window:window:1.0.0-beta04] AndroidManifest.xml:25:9-27:40
129            android:name="androidx.window.extensions"
129-->[androidx.window:window:1.0.0-beta04] AndroidManifest.xml:26:13-54
130            android:required="false" />
130-->[androidx.window:window:1.0.0-beta04] AndroidManifest.xml:27:13-37
131        <uses-library
131-->[androidx.window:window:1.0.0-beta04] AndroidManifest.xml:28:9-30:40
132            android:name="androidx.window.sidecar"
132-->[androidx.window:window:1.0.0-beta04] AndroidManifest.xml:29:13-51
133            android:required="false" />
133-->[androidx.window:window:1.0.0-beta04] AndroidManifest.xml:30:13-37
134
135        <activity
135-->[com.google.firebase:firebase-auth:21.0.2] AndroidManifest.xml:27:9-44:20
136            android:name="com.google.firebase.auth.internal.GenericIdpActivity"
136-->[com.google.firebase:firebase-auth:21.0.2] AndroidManifest.xml:28:13-80
137            android:excludeFromRecents="true"
137-->[com.google.firebase:firebase-auth:21.0.2] AndroidManifest.xml:29:13-46
138            android:exported="true"
138-->[com.google.firebase:firebase-auth:21.0.2] AndroidManifest.xml:30:13-36
139            android:launchMode="singleTask"
139-->[com.google.firebase:firebase-auth:21.0.2] AndroidManifest.xml:31:13-44
140            android:theme="@android:style/Theme.Translucent.NoTitleBar" >
140-->[com.google.firebase:firebase-auth:21.0.2] AndroidManifest.xml:32:13-72
141            <intent-filter>
141-->[com.google.firebase:firebase-auth:21.0.2] AndroidManifest.xml:33:13-43:29
142                <action android:name="android.intent.action.VIEW" />
142-->src\main\AndroidManifest.xml:13:13-65
142-->src\main\AndroidManifest.xml:13:21-62
143
144                <category android:name="android.intent.category.DEFAULT" />
144-->[com.google.firebase:firebase-auth:21.0.2] AndroidManifest.xml:36:17-76
144-->[com.google.firebase:firebase-auth:21.0.2] AndroidManifest.xml:36:27-73
145                <category android:name="android.intent.category.BROWSABLE" />
145-->[com.google.firebase:firebase-auth:21.0.2] AndroidManifest.xml:37:17-78
145-->[com.google.firebase:firebase-auth:21.0.2] AndroidManifest.xml:37:27-75
146
147                <data
147-->src\main\AndroidManifest.xml:14:13-44
148                    android:host="firebase.auth"
149                    android:path="/"
150                    android:scheme="genericidp" />
150-->src\main\AndroidManifest.xml:14:19-41
151            </intent-filter>
152        </activity>
153        <activity
153-->[com.google.firebase:firebase-auth:21.0.2] AndroidManifest.xml:45:9-62:20
154            android:name="com.google.firebase.auth.internal.RecaptchaActivity"
154-->[com.google.firebase:firebase-auth:21.0.2] AndroidManifest.xml:46:13-79
155            android:excludeFromRecents="true"
155-->[com.google.firebase:firebase-auth:21.0.2] AndroidManifest.xml:47:13-46
156            android:exported="true"
156-->[com.google.firebase:firebase-auth:21.0.2] AndroidManifest.xml:48:13-36
157            android:launchMode="singleTask"
157-->[com.google.firebase:firebase-auth:21.0.2] AndroidManifest.xml:49:13-44
158            android:theme="@android:style/Theme.Translucent.NoTitleBar" >
158-->[com.google.firebase:firebase-auth:21.0.2] AndroidManifest.xml:50:13-72
159            <intent-filter>
159-->[com.google.firebase:firebase-auth:21.0.2] AndroidManifest.xml:51:13-61:29
160                <action android:name="android.intent.action.VIEW" />
160-->src\main\AndroidManifest.xml:13:13-65
160-->src\main\AndroidManifest.xml:13:21-62
161
162                <category android:name="android.intent.category.DEFAULT" />
162-->[com.google.firebase:firebase-auth:21.0.2] AndroidManifest.xml:36:17-76
162-->[com.google.firebase:firebase-auth:21.0.2] AndroidManifest.xml:36:27-73
163                <category android:name="android.intent.category.BROWSABLE" />
163-->[com.google.firebase:firebase-auth:21.0.2] AndroidManifest.xml:37:17-78
163-->[com.google.firebase:firebase-auth:21.0.2] AndroidManifest.xml:37:27-75
164
165                <data
165-->src\main\AndroidManifest.xml:14:13-44
166                    android:host="firebase.auth"
167                    android:path="/"
168                    android:scheme="recaptcha" />
168-->src\main\AndroidManifest.xml:14:19-41
169            </intent-filter>
170        </activity>
171
172        <provider
172-->[com.google.firebase:firebase-common:20.1.0] AndroidManifest.xml:26:9-31:39
173            android:name="com.google.firebase.provider.FirebaseInitProvider"
173-->[com.google.firebase:firebase-common:20.1.0] AndroidManifest.xml:27:13-77
174            android:authorities="com.example.testapp.firebaseinitprovider"
174-->[com.google.firebase:firebase-common:20.1.0] AndroidManifest.xml:28:13-72
175            android:directBootAware="true"
175-->[com.google.firebase:firebase-common:20.1.0] AndroidManifest.xml:29:13-43
176            android:exported="false"
176-->[com.google.firebase:firebase-common:20.1.0] AndroidManifest.xml:30:13-37
177            android:initOrder="100" /> <!-- Needs to be explicitly declared on P+ -->
177-->[com.google.firebase:firebase-common:20.1.0] AndroidManifest.xml:31:13-36
178        <uses-library
178-->[com.google.android.gms:play-services-maps:17.0.0] AndroidManifest.xml:33:9-35:40
179            android:name="org.apache.http.legacy"
179-->[com.google.android.gms:play-services-maps:17.0.0] AndroidManifest.xml:34:13-50
180            android:required="false" />
180-->[com.google.android.gms:play-services-maps:17.0.0] AndroidManifest.xml:35:13-37
181
182        <activity
182-->[com.google.android.gms:play-services-auth:20.0.1] AndroidManifest.xml:23:9-27:75
183            android:name="com.google.android.gms.auth.api.signin.internal.SignInHubActivity"
183-->[com.google.android.gms:play-services-auth:20.0.1] AndroidManifest.xml:24:13-93
184            android:excludeFromRecents="true"
184-->[com.google.android.gms:play-services-auth:20.0.1] AndroidManifest.xml:25:13-46
185            android:exported="false"
185-->[com.google.android.gms:play-services-auth:20.0.1] AndroidManifest.xml:26:13-37
186            android:theme="@android:style/Theme.Translucent.NoTitleBar" />
186-->[com.google.android.gms:play-services-auth:20.0.1] AndroidManifest.xml:27:13-72
187        <!--
188            Service handling Google Sign-In user revocation. For apps that do not integrate with
189            Google Sign-In, this service will never be started.
190        -->
191        <service
191-->[com.google.android.gms:play-services-auth:20.0.1] AndroidManifest.xml:33:9-37:51
192            android:name="com.google.android.gms.auth.api.signin.RevocationBoundService"
192-->[com.google.android.gms:play-services-auth:20.0.1] AndroidManifest.xml:34:13-89
193            android:exported="true"
193-->[com.google.android.gms:play-services-auth:20.0.1] AndroidManifest.xml:35:13-36
194            android:permission="com.google.android.gms.auth.api.signin.permission.REVOCATION_NOTIFICATION"
194-->[com.google.android.gms:play-services-auth:20.0.1] AndroidManifest.xml:36:13-107
195            android:visibleToInstantApps="true" />
195-->[com.google.android.gms:play-services-auth:20.0.1] AndroidManifest.xml:37:13-48
196
197        <activity
197-->[com.google.android.gms:play-services-base:18.0.1] AndroidManifest.xml:20:9-22:45
198            android:name="com.google.android.gms.common.api.GoogleApiActivity"
198-->[com.google.android.gms:play-services-base:18.0.1] AndroidManifest.xml:20:19-85
199            android:exported="false"
199-->[com.google.android.gms:play-services-base:18.0.1] AndroidManifest.xml:22:19-43
200            android:theme="@android:style/Theme.Translucent.NoTitleBar" />
200-->[com.google.android.gms:play-services-base:18.0.1] AndroidManifest.xml:21:19-78
201
202        <meta-data
202-->[com.google.android.gms:play-services-basement:18.0.0] AndroidManifest.xml:21:9-23:69
203            android:name="com.google.android.gms.version"
203-->[com.google.android.gms:play-services-basement:18.0.0] AndroidManifest.xml:22:13-58
204            android:value="@integer/google_play_services_version" />
204-->[com.google.android.gms:play-services-basement:18.0.0] AndroidManifest.xml:23:13-66
205    </application>
206
207</manifest>